{"level":"error","message":"Registration error: secretOrPrivateKey must be an asymmetric key when using RS256","timestamp":"2024-07-22T12:54:45.548Z"}
{"level":"error","message":"Login failed for email: darius@gmail.com - Invalid credentials","timestamp":"2024-07-22T13:49:36.718Z"}
{"level":"error","message":"Login failed for email: darius@gmail.com - Invalid credentials","timestamp":"2024-07-22T14:01:31.336Z"}
{"level":"error","message":"Login failed for email: testuser@example.com - Invalid credentials","timestamp":"2024-07-22T14:25:22.163Z"}
{"level":"error","message":"Login failed for email: testuser@example.com - Invalid password","timestamp":"2024-07-22T14:30:04.833Z"}
{"level":"error","message":"Login failed for email: testuser@example.com - Invalid password","timestamp":"2024-07-22T14:37:25.561Z"}
{"level":"error","message":"Login failed for email: testuser22@example.com - Invalid password","timestamp":"2024-07-23T09:44:47.921Z"}
{"level":"error","message":"Login failed for email: testuser22@example.com - Invalid password","timestamp":"2024-07-23T09:45:06.747Z"}
{"level":"error","message":"Login failed for email: testuser22@example.com - Invalid password","timestamp":"2024-07-23T09:47:37.733Z"}
{"level":"error","message":"Login failed for email: testuser22@example.com - Invalid password","timestamp":"2024-07-23T09:48:00.082Z"}
{"level":"error","message":"Login failed for email: testuser22@example.com - Invalid password","timestamp":"2024-07-23T09:55:10.718Z"}
{"level":"error","message":"Login failed for email: testuser22@example.com - Invalid password","timestamp":"2024-07-23T10:44:40.480Z"}
{"level":"error","message":"Login failed for email: testuser@example.com - Invalid password","timestamp":"2024-07-23T10:48:01.269Z"}
{"level":"error","message":"Login failed for email: testuser@example.com - Invalid password","timestamp":"2024-07-23T10:52:08.714Z"}
{"level":"error","message":"Login failed for email: testuser@example.com - Invalid password","timestamp":"2024-07-23T11:02:08.055Z"}
{"level":"error","message":"Login failed for email: testuser@example.com - Invalid password","timestamp":"2024-07-23T11:30:41.379Z"}
{"level":"error","message":"Login failed for email: testuser@example.com - Invalid password","timestamp":"2024-07-23T11:55:10.098Z"}
{"level":"error","message":"Login failed for email: testuser@example.com - Invalid password","timestamp":"2024-07-23T11:55:32.372Z"}
{"level":"error","message":"Login failed for email: testuser@example.com - Invalid password","timestamp":"2024-07-23T11:57:21.889Z"}
{"level":"error","message":"Login failed for email: testuser@example.com - Invalid password","timestamp":"2024-07-23T14:58:56.836Z"}
{"level":"error","message":"Login failed for email: testuser@example.com - Invalid password","timestamp":"2024-07-23T16:22:56.328Z"}
{"level":"error","message":"Login failed for email: testuser37@example.com - Invalid password","timestamp":"2024-07-23T16:29:13.353Z"}
{"level":"error","message":"Login failed for email: testuser37@example.com - User not found","timestamp":"2024-07-23T19:51:52.207Z"}
{"level":"error","message":"Login failed for email: testuser@example.com - Invalid password","timestamp":"2024-07-23T19:52:13.203Z"}
{"level":"error","message":"Login failed for email: testuser@example.com - Invalid password","timestamp":"2024-07-23T19:56:31.307Z"}
{"level":"error","message":"Login failed for email: testuser@example.com - Invalid password","timestamp":"2024-07-23T20:38:48.430Z"}
{"level":"error","message":"Login error for email: testuser@example.com - connect ETIMEDOUT 159.41.65.15:27017","stack":"MongoServerSelectionError: connect ETIMEDOUT 159.41.65.15:27017\n    at Topology.selectServer (C:\\Users\\DanielC\\projects\\watchlist-app\\backend\\node_modules\\mongodb\\lib\\sdam\\topology.js:321:38)\n    at async tryOperation (C:\\Users\\DanielC\\projects\\watchlist-app\\backend\\node_modules\\mongodb\\lib\\operations\\execute_operation.js:145:18)\n    at async executeOperation (C:\\Users\\DanielC\\projects\\watchlist-app\\backend\\node_modules\\mongodb\\lib\\operations\\execute_operation.js:75:16)\n    at async FindCursor._initialize (C:\\Users\\DanielC\\projects\\watchlist-app\\backend\\node_modules\\mongodb\\lib\\cursor\\find_cursor.js:61:26)\n    at async FindCursor.cursorInit (C:\\Users\\DanielC\\projects\\watchlist-app\\backend\\node_modules\\mongodb\\lib\\cursor\\abstract_cursor.js:633:27)\n    at async FindCursor.fetchBatch (C:\\Users\\DanielC\\projects\\watchlist-app\\backend\\node_modules\\mongodb\\lib\\cursor\\abstract_cursor.js:667:13)\n    at async FindCursor.next (C:\\Users\\DanielC\\projects\\watchlist-app\\backend\\node_modules\\mongodb\\lib\\cursor\\abstract_cursor.js:347:17)\n    at async Collection.findOne (C:\\Users\\DanielC\\projects\\watchlist-app\\backend\\node_modules\\mongodb\\lib\\collection.js:277:21)\n    at async model.Query._findOne (C:\\Users\\DanielC\\projects\\watchlist-app\\backend\\node_modules\\mongoose\\lib\\query.js:2687:15)\n    at async model.Query.exec (C:\\Users\\DanielC\\projects\\watchlist-app\\backend\\node_modules\\mongoose\\lib\\query.js:4604:63)","timestamp":"2025-05-29T12:54:47.985Z"}
